mode: set
github.com/nullism/bqb/query.go:24.51,28.2 3 1
github.com/nullism/bqb/query.go:31.17,33.2 1 1
github.com/nullism/bqb/query.go:37.37,41.2 1 1
github.com/nullism/bqb/query.go:44.62,45.14 1 1
github.com/nullism/bqb/query.go:45.14,47.3 1 1
github.com/nullism/bqb/query.go:48.2,48.39 1 1
github.com/nullism/bqb/query.go:52.64,53.14 1 1
github.com/nullism/bqb/query.go:53.14,55.3 1 1
github.com/nullism/bqb/query.go:56.2,56.35 1 1
github.com/nullism/bqb/query.go:61.65,62.14 1 1
github.com/nullism/bqb/query.go:62.14,64.3 1 1
github.com/nullism/bqb/query.go:65.2,65.34 1 1
github.com/nullism/bqb/query.go:69.68,70.14 1 1
github.com/nullism/bqb/query.go:70.14,72.3 1 1
github.com/nullism/bqb/query.go:73.2,73.22 1 1
github.com/nullism/bqb/query.go:73.22,75.3 1 1
github.com/nullism/bqb/query.go:75.8,77.3 1 1
github.com/nullism/bqb/query.go:79.2,79.10 1 1
github.com/nullism/bqb/query.go:83.27,84.14 1 1
github.com/nullism/bqb/query.go:84.14,86.3 1 1
github.com/nullism/bqb/query.go:87.2,87.21 1 1
github.com/nullism/bqb/query.go:91.61,92.14 1 1
github.com/nullism/bqb/query.go:92.14,94.3 1 1
github.com/nullism/bqb/query.go:95.2,95.38 1 1
github.com/nullism/bqb/query.go:99.25,104.2 4 1
github.com/nullism/bqb/query.go:107.64,108.14 1 1
github.com/nullism/bqb/query.go:108.14,110.3 1 1
github.com/nullism/bqb/query.go:111.2,111.35 1 1
github.com/nullism/bqb/query.go:115.58,117.16 2 1
github.com/nullism/bqb/query.go:117.16,119.3 1 1
github.com/nullism/bqb/query.go:120.2,121.25 2 1
github.com/nullism/bqb/query.go:125.58,127.16 2 1
github.com/nullism/bqb/query.go:127.16,129.3 1 1
github.com/nullism/bqb/query.go:130.2,131.25 2 1
github.com/nullism/bqb/query.go:136.41,138.16 2 1
github.com/nullism/bqb/query.go:138.16,140.3 1 1
github.com/nullism/bqb/query.go:142.2,143.17 2 1
github.com/nullism/bqb/query.go:148.56,150.16 2 1
github.com/nullism/bqb/query.go:150.16,152.3 1 1
github.com/nullism/bqb/query.go:153.2,154.25 2 1
github.com/nullism/bqb/query.go:157.56,158.14 1 1
github.com/nullism/bqb/query.go:158.14,160.3 1 1
github.com/nullism/bqb/query.go:161.2,164.48 3 1
github.com/nullism/bqb/query.go:164.48,166.3 1 1
github.com/nullism/bqb/query.go:168.2,168.28 1 1
github.com/nullism/bqb/query.go:168.28,172.23 3 1
github.com/nullism/bqb/query.go:172.23,174.4 1 1
github.com/nullism/bqb/query.go:177.2,177.44 1 1
github.com/nullism/bqb/utils.go:34.88,35.40 1 1
github.com/nullism/bqb/utils.go:35.40,37.3 1 1
github.com/nullism/bqb/utils.go:38.2,38.31 1 1
github.com/nullism/bqb/utils.go:38.31,39.21 1 1
github.com/nullism/bqb/utils.go:39.21,41.18 2 1
github.com/nullism/bqb/utils.go:41.18,43.5 1 1
github.com/nullism/bqb/utils.go:44.4,44.45 1 1
github.com/nullism/bqb/utils.go:45.9,45.30 1 1
github.com/nullism/bqb/utils.go:45.30,48.4 2 1
github.com/nullism/bqb/utils.go:50.2,50.17 1 1
github.com/nullism/bqb/utils.go:53.59,61.27 6 1
github.com/nullism/bqb/utils.go:61.27,62.26 1 1
github.com/nullism/bqb/utils.go:64.17,65.54 1 1
github.com/nullism/bqb/utils.go:67.22,70.18 3 1
github.com/nullism/bqb/utils.go:70.18,72.5 1 1
github.com/nullism/bqb/utils.go:72.10,74.5 1 1
github.com/nullism/bqb/utils.go:75.14,77.24 2 1
github.com/nullism/bqb/utils.go:77.24,80.5 2 1
github.com/nullism/bqb/utils.go:81.4,81.66 1 1
github.com/nullism/bqb/utils.go:83.15,85.24 2 1
github.com/nullism/bqb/utils.go:85.24,88.5 2 1
github.com/nullism/bqb/utils.go:89.4,89.22 1 1
github.com/nullism/bqb/utils.go:89.22,91.5 1 1
github.com/nullism/bqb/utils.go:91.10,94.5 2 1
github.com/nullism/bqb/utils.go:96.17,98.24 2 1
github.com/nullism/bqb/utils.go:98.24,101.5 2 1
github.com/nullism/bqb/utils.go:102.4,102.66 1 1
github.com/nullism/bqb/utils.go:104.18,106.24 2 1
github.com/nullism/bqb/utils.go:106.24,109.5 2 1
github.com/nullism/bqb/utils.go:110.4,110.22 1 1
github.com/nullism/bqb/utils.go:110.22,112.5 1 1
github.com/nullism/bqb/utils.go:112.10,115.5 2 1
github.com/nullism/bqb/utils.go:117.22,119.24 2 1
github.com/nullism/bqb/utils.go:119.24,122.5 2 1
github.com/nullism/bqb/utils.go:123.4,123.66 1 1
github.com/nullism/bqb/utils.go:125.15,126.16 1 1
github.com/nullism/bqb/utils.go:126.16,129.13 3 1
github.com/nullism/bqb/utils.go:131.4,133.40 3 1
github.com/nullism/bqb/utils.go:135.26,137.18 2 1
github.com/nullism/bqb/utils.go:137.18,138.55 1 1
github.com/nullism/bqb/utils.go:140.4,141.44 2 1
github.com/nullism/bqb/utils.go:143.28,145.18 2 1
github.com/nullism/bqb/utils.go:145.18,146.55 1 1
github.com/nullism/bqb/utils.go:148.4,149.44 2 1
github.com/nullism/bqb/utils.go:151.11,153.32 2 1
github.com/nullism/bqb/utils.go:156.2,157.20 2 1
github.com/nullism/bqb/utils.go:157.20,158.82 1 1
github.com/nullism/bqb/utils.go:161.2,162.31 2 1
github.com/nullism/bqb/utils.go:162.31,163.84 1 1
github.com/nullism/bqb/utils.go:166.2,172.3 2 1
github.com/nullism/bqb/utils.go:175.52,176.27 1 1
github.com/nullism/bqb/utils.go:177.12,178.35 1 1
github.com/nullism/bqb/utils.go:180.33,181.35 1 1
github.com/nullism/bqb/utils.go:182.12,183.15 1 1
github.com/nullism/bqb/utils.go:183.15,185.4 1 1
github.com/nullism/bqb/utils.go:186.3,186.36 1 1
github.com/nullism/bqb/utils.go:187.14,188.37 1 1
github.com/nullism/bqb/utils.go:189.15,190.15 1 1
github.com/nullism/bqb/utils.go:190.15,192.4 1 1
github.com/nullism/bqb/utils.go:193.3,193.38 1 1
github.com/nullism/bqb/utils.go:194.11,195.21 1 1
github.com/nullism/bqb/utils.go:196.10,197.65 1 1
